[2018-10-21 20:19:30] текст ошибки: Страница не найдена | файл: C:\OSPanel\domains\opkp.btlc\vendor\btlc\core\Router.php | строка : 72

        
[2018-10-21 20:23:19] текст ошибки: Страница не найдена | файл: C:\OSPanel\domains\opkp.btlc\vendor\btlc\core\Router.php | строка : 72

        
[2018-10-21 21:26:42] текст ошибки: Страница не найдена | файл: C:\OSPanel\domains\opkp.btlc\vendor\btlc\core\Router.php | строка : 72

        
[2018-10-21 21:27:34] текст ошибки: Страница не найдена | файл: C:\OSPanel\domains\opkp.btlc\vendor\btlc\core\Router.php | строка : 72

        
[2018-10-21 21:27:37] текст ошибки: Страница не найдена | файл: C:\OSPanel\domains\opkp.btlc\vendor\btlc\core\Router.php | строка : 72

        
[2018-10-21 21:28:25] текст ошибки: Страница не найдена | файл: C:\OSPanel\domains\opkp.btlc\vendor\btlc\core\Router.php | строка : 72

        
[2018-10-21 21:28:53] текст ошибки: Страница не найдена | файл: C:\OSPanel\domains\opkp.btlc\vendor\btlc\core\Router.php | строка : 72

        
[2018-10-21 21:59:29] текст ошибки: Страница не найдена | файл: C:\OSPanel\domains\opkp.btlc\vendor\btlc\core\Router.php | строка : 72

        
[2018-10-21 22:00:26] текст ошибки: Страница не найдена | файл: C:\OSPanel\domains\opkp.btlc\vendor\btlc\core\Router.php | строка : 72

        
[2018-10-21 22:01:16] текст ошибки: Страница не найдена | файл: C:\OSPanel\domains\opkp.btlc\vendor\btlc\core\Router.php | строка : 72

        
[2018-10-21 22:01:16] текст ошибки: Страница не найдена | файл: C:\OSPanel\domains\opkp.btlc\vendor\btlc\core\Router.php | строка : 72

        
[2018-10-21 22:01:16] текст ошибки: Страница не найдена | файл: C:\OSPanel\domains\opkp.btlc\vendor\btlc\core\Router.php | строка : 72

        
[2018-10-21 22:01:16] текст ошибки: Страница не найдена | файл: C:\OSPanel\domains\opkp.btlc\vendor\btlc\core\Router.php | строка : 72

        
[2018-10-21 22:01:28] текст ошибки: Страница не найдена | файл: C:\OSPanel\domains\opkp.btlc\vendor\btlc\core\Router.php | строка : 72

        
[2018-10-21 22:02:31] текст ошибки: Страница не найдена | файл: C:\OSPanel\domains\opkp.btlc\vendor\btlc\core\Router.php | строка : 72

        
[2018-10-21 22:02:31] текст ошибки: Страница не найдена | файл: C:\OSPanel\domains\opkp.btlc\vendor\btlc\core\Router.php | строка : 72

        
[2018-10-21 22:02:31] текст ошибки: Страница не найдена | файл: C:\OSPanel\domains\opkp.btlc\vendor\btlc\core\Router.php | строка : 72

        
[2018-10-21 22:02:40] текст ошибки: Страница не найдена | файл: C:\OSPanel\domains\opkp.btlc\vendor\btlc\core\Router.php | строка : 72

        
[2018-10-21 22:05:55] текст ошибки: Страница не найдена | файл: C:\OSPanel\domains\opkp.btlc\vendor\btlc\core\Router.php | строка : 72

        
[2018-10-21 22:05:55] текст ошибки: Страница не найдена | файл: C:\OSPanel\domains\opkp.btlc\vendor\btlc\core\Router.php | строка : 72

        
[2018-10-21 22:05:55] текст ошибки: Страница не найдена | файл: C:\OSPanel\domains\opkp.btlc\vendor\btlc\core\Router.php | строка : 72

        
[2018-10-21 22:06:40] текст ошибки: Страница не найдена | файл: C:\OSPanel\domains\opkp.btlc\vendor\btlc\core\Router.php | строка : 72

        
[2018-10-21 23:52:53] текст ошибки: Контроллер app\controllers\ProvidersController не найден | файл: C:\OSPanel\domains\opkp.btlc\vendor\btlc\core\Router.php | строка : 68

        
[2018-10-21 23:53:52] текст ошибки: Метод app\controllers\ProvidersController::indexAction не найден | файл: C:\OSPanel\domains\opkp.btlc\vendor\btlc\core\Router.php | строка : 65

        
[2018-10-21 23:54:32] текст ошибки: Не найден вид C:\OSPanel\domains\opkp.btlc/app/views/Providers/index.php | файл: C:\OSPanel\domains\opkp.btlc\vendor\btlc\core\base\View.php | строка : 47

        
[2018-10-22 00:47:54] текст ошибки: Не найден вид C:\OSPanel\domains\opkp.btlc/app/views/Countries/delete.php | файл: C:\OSPanel\domains\opkp.btlc\vendor\btlc\core\base\View.php | строка : 47

        
[2018-10-22 00:48:02] текст ошибки: Не найден вид C:\OSPanel\domains\opkp.btlc/app/views/Countries/correct.php | файл: C:\OSPanel\domains\opkp.btlc\vendor\btlc\core\base\View.php | строка : 47

        
[2018-10-22 00:49:42] текст ошибки: Не найден вид C:\OSPanel\domains\opkp.btlc/app/views/Countries/correct.php | файл: C:\OSPanel\domains\opkp.btlc\vendor\btlc\core\base\View.php | строка : 47

        
[2018-10-22 00:49:48] текст ошибки: Не найден вид C:\OSPanel\domains\opkp.btlc/app/views/Countries/delete.php | файл: C:\OSPanel\domains\opkp.btlc\vendor\btlc\core\base\View.php | строка : 47

        
[2018-10-22 01:26:53] текст ошибки: Не найден вид C:\OSPanel\domains\opkp.btlc/app/views/Countries/delete.php | файл: C:\OSPanel\domains\opkp.btlc\vendor\btlc\core\base\View.php | строка : 47

        
[2018-10-22 01:36:22] текст ошибки: Не найден вид C:\OSPanel\domains\opkp.btlc/app/views/Countries/add.php | файл: C:\OSPanel\domains\opkp.btlc\vendor\btlc\core\base\View.php | строка : 47

        
[2018-10-22 01:37:39] текст ошибки: Не найден вид C:\OSPanel\domains\opkp.btlc/app/views/Countries/add.php | файл: C:\OSPanel\domains\opkp.btlc\vendor\btlc\core\base\View.php | строка : 47

        
[2018-10-22 01:38:59] текст ошибки: Не найден вид C:\OSPanel\domains\opkp.btlc/app/views/Countries/add.php | файл: C:\OSPanel\domains\opkp.btlc\vendor\btlc\core\base\View.php | строка : 47

        
[2018-10-22 01:47:05] текст ошибки: SQLSTATE[42000]: Syntax error or access violation: 1064 You have an error in your SQL syntax; check the manual that corresponds to your MySQL server version for the right syntax to use near 'LIMIT 1   -- keep-cache' at line 1 | файл: C:\OSPanel\domains\opkp.btlc\vendor\gabordemooij\redbean\RedBeanPHP\Driver\RPDO.php | строка : 188

        
[2018-10-22 18:39:21] текст ошибки: Не найден вид C:\OSPanel\domains\opkp.btlc/app/views/Countries/correct.php | файл: C:\OSPanel\domains\opkp.btlc\vendor\btlc\core\base\View.php | строка : 47

        
[2018-10-22 18:53:18] текст ошибки: Страница не найдена | файл: C:\OSPanel\domains\opkp.btlc\vendor\btlc\core\Router.php | строка : 72

        
[2018-10-22 18:54:03] текст ошибки: Страница не найдена | файл: C:\OSPanel\domains\opkp.btlc\vendor\btlc\core\Router.php | строка : 72

        
[2018-10-22 19:22:04] текст ошибки: !!! | файл: C:\OSPanel\domains\opkp.btlc\app\controllers\CountriesController.php | строка : 52

        
[2018-10-22 19:22:54] текст ошибки: нет параметров для редактирования | файл: C:\OSPanel\domains\opkp.btlc\app\controllers\CountriesController.php | строка : 52

        
[2018-10-22 19:23:45] текст ошибки: нет параметров для редактирования. Контроллер должен принять параметр id для редактирования определнной записи | файл: C:\OSPanel\domains\opkp.btlc\app\controllers\CountriesController.php | строка : 52

        
[2018-10-22 19:29:06] текст ошибки: Контроллер app\controllers\CountiesController не найден | файл: C:\OSPanel\domains\opkp.btlc\vendor\btlc\core\Router.php | строка : 68

        
[2018-10-22 19:29:20] текст ошибки: Страница не найдена | файл: C:\OSPanel\domains\opkp.btlc\vendor\btlc\core\Router.php | строка : 72

        
[2018-10-22 19:29:32] текст ошибки: нет параметров для редактирования. Контроллер должен принять параметр id для редактирования определнной записи | файл: C:\OSPanel\domains\opkp.btlc\app\controllers\CountriesController.php | строка : 51

        
[2018-10-22 19:29:40] текст ошибки: нет такой записи для редактирования | файл: C:\OSPanel\domains\opkp.btlc\app\controllers\CountriesController.php | строка : 48

        
[2018-10-22 19:29:41] текст ошибки: нет такой записи для редактирования | файл: C:\OSPanel\domains\opkp.btlc\app\controllers\CountriesController.php | строка : 48

        
[2018-10-22 19:30:51] текст ошибки: нет параметров для редактирования. Контроллер должен принять параметр id для редактирования определнной записи | файл: C:\OSPanel\domains\opkp.btlc\app\controllers\CountriesController.php | строка : 51

        
[2018-10-22 19:32:44] текст ошибки: нет параметров для редактирования. Контроллер должен принять параметр id для редактирования определнной записи | файл: C:\OSPanel\domains\opkp.btlc\app\controllers\CountriesController.php | строка : 51

        
[2018-10-22 19:32:56] текст ошибки: нет параметров для редактирования. Контроллер должен принять параметр id для редактирования определнной записи | файл: C:\OSPanel\domains\opkp.btlc\app\controllers\CountriesController.php | строка : 51

        
[2018-10-22 19:33:22] текст ошибки: нет параметров для редактирования. Контроллер должен принять параметр id для редактирования определнной записи | файл: C:\OSPanel\domains\opkp.btlc\app\controllers\CountriesController.php | строка : 56

        
[2018-10-22 19:34:00] текст ошибки: нет параметров для редактирования. Контроллер должен принять параметр id для редактирования определнной записи | файл: C:\OSPanel\domains\opkp.btlc\app\controllers\CountriesController.php | строка : 56

        
[2018-10-22 19:36:49] текст ошибки: SQLSTATE[23000]: Integrity constraint violation: 1062 Duplicate entry 'Зимбабве' for key 'country' | файл: C:\OSPanel\domains\opkp.btlc\vendor\gabordemooij\redbean\RedBeanPHP\Driver\RPDO.php | строка : 188

        
[2018-10-22 19:38:50] текст ошибки: SQLSTATE[23000]: Integrity constraint violation: 1062 Duplicate entry 'Зимбабве' for key 'country' | файл: C:\OSPanel\domains\opkp.btlc\vendor\gabordemooij\redbean\RedBeanPHP\Driver\RPDO.php | строка : 188

        
[2018-10-22 19:39:39] текст ошибки: OODB Store requires a bean, got: array | файл: C:\OSPanel\domains\opkp.btlc\vendor\gabordemooij\redbean\RedBeanPHP\OODB.php | строка : 119

        
[2018-10-22 19:40:15] текст ошибки: OODB Store requires a bean, got: array | файл: C:\OSPanel\domains\opkp.btlc\vendor\gabordemooij\redbean\RedBeanPHP\OODB.php | строка : 119

        
[2018-10-22 19:42:27] текст ошибки: OODB Store requires a bean, got: array | файл: C:\OSPanel\domains\opkp.btlc\vendor\gabordemooij\redbean\RedBeanPHP\OODB.php | строка : 119

        
[2018-10-22 19:45:13] текст ошибки: Страница не найдена | файл: C:\OSPanel\domains\opkp.btlc\vendor\btlc\core\Router.php | строка : 72

        
[2018-10-22 19:45:38] текст ошибки: Страница не найдена | файл: C:\OSPanel\domains\opkp.btlc\vendor\btlc\core\Router.php | строка : 72

        
[2018-10-22 19:45:49] текст ошибки: SQLSTATE[23000]: Integrity constraint violation: 1062 Duplicate entry 'Беларусь' for key 'country' | файл: C:\OSPanel\domains\opkp.btlc\vendor\gabordemooij\redbean\RedBeanPHP\Driver\RPDO.php | строка : 188

        
[2018-10-22 20:01:13] текст ошибки: SQLSTATE[23000]: Integrity constraint violation: 1062 Duplicate entry 'Беларусь' for key 'country' | файл: C:\OSPanel\domains\opkp.btlc\vendor\gabordemooij\redbean\RedBeanPHP\Driver\RPDO.php | строка : 188

        
[2018-10-22 20:29:08] текст ошибки: нет параметров для редактирования. Контроллер должен принять параметр id для редактирования определнной записи | файл: C:\OSPanel\domains\opkp.btlc\app\controllers\CountriesController.php | строка : 60

        
[2018-10-22 20:38:55] текст ошибки: нет параметров для редактирования. Контроллер должен принять параметр id для редактирования определнной записи | файл: C:\OSPanel\domains\opkp.btlc\app\controllers\CountriesController.php | строка : 68

        
[2018-10-22 20:39:05] текст ошибки: нет такой записи для редактирования | файл: C:\OSPanel\domains\opkp.btlc\app\controllers\CountriesController.php | строка : 65

        
[2018-10-22 20:39:06] текст ошибки: нет такой записи для редактирования | файл: C:\OSPanel\domains\opkp.btlc\app\controllers\CountriesController.php | строка : 65

        
[2018-10-24 18:27:08] текст ошибки: Страница не найдена | файл: C:\OSPanel\domains\opkp.btlc\vendor\btlc\core\Router.php | строка : 72

        
[2018-10-24 18:31:19] текст ошибки: SQLSTATE[42000]: Syntax error or access violation: 1064 You have an error in your SQL syntax; check the manual that corresponds to your MySQL server version for the right syntax to use near 'Array -- keep-cache' at line 1 | файл: C:\OSPanel\domains\opkp.btlc\vendor\gabordemooij\redbean\RedBeanPHP\Driver\RPDO.php | строка : 188

        
[2018-10-25 12:37:59] текст ошибки: Контроллер app\controllers\PositionsController не найден | файл: C:\OSPanel\domains\opkp.btlc\vendor\btlc\core\Router.php | строка : 68

        
[2018-10-26 12:43:08] текст ошибки: Страница не найдена | файл: C:\OSPanel\domains\opkp.btlc\vendor\btlc\core\Router.php | строка : 72

        
[2018-10-26 13:04:23] текст ошибки: Не найден вид C:\OSPanel\domains\opkp.btlc/app/views/Positions/correct.php | файл: C:\OSPanel\domains\opkp.btlc\vendor\btlc\core\base\View.php | строка : 47

        
[2018-10-26 13:05:59] текст ошибки: SQLSTATE[42S22]: Column not found: 1054 Unknown column 'note' in 'field list' | файл: C:\OSPanel\domains\opkp.btlc\vendor\gabordemooij\redbean\RedBeanPHP\Driver\RPDO.php | строка : 188

        
[2018-10-27 12:34:27] текст ошибки: Страница не найдена | файл: C:\OSPanel\domains\opkp.btlc\vendor\btlc\core\Router.php | строка : 72

        
[2018-10-27 12:37:06] текст ошибки: Страница не найдена | файл: C:\OSPanel\domains\opkp.btlc\vendor\btlc\core\Router.php | строка : 72

        
[2018-10-27 12:38:14] текст ошибки: Страница не найдена | файл: C:\OSPanel\domains\opkp.btlc\vendor\btlc\core\Router.php | строка : 72

        
[2018-10-27 12:38:50] текст ошибки: Страница не найдена | файл: C:\OSPanel\domains\opkp.btlc\vendor\btlc\core\Router.php | строка : 72

        
[2018-10-27 12:39:32] текст ошибки: Страница не найдена | файл: C:\OSPanel\domains\opkp.btlc\vendor\btlc\core\Router.php | строка : 72

        
[2018-10-27 12:39:50] текст ошибки: Страница не найдена | файл: C:\OSPanel\domains\opkp.btlc\vendor\btlc\core\Router.php | строка : 72

        
[2018-10-28 01:16:35] текст ошибки: Страница не найдена | файл: C:\OSPanel\domains\opkp.btlc\vendor\btlc\core\Router.php | строка : 70

        
[2018-10-28 01:18:12] текст ошибки: Страница не найдена | файл: C:\OSPanel\domains\opkp.btlc\vendor\btlc\core\Router.php | строка : 70

        
[2018-10-28 20:14:48] текст ошибки: Страница не найдена | файл: C:\OSPanel\domains\opkp.btlc\vendor\btlc\core\Router.php | строка : 70

        
[2018-10-28 20:19:00] текст ошибки: SQLSTATE[42S02]: Base table or view not found: 1146 Table 'opkp.test' doesn't exist | файл: C:\OSPanel\domains\opkp.btlc\vendor\gabordemooij\redbean\RedBeanPHP\Driver\RPDO.php | строка : 188

        
[2018-10-28 20:44:34] текст ошибки: Страница не найдена | файл: C:\OSPanel\domains\opkp.btlc\vendor\btlc\core\Router.php | строка : 70

        
[2018-10-28 21:27:21] текст ошибки: Страница не найдена | файл: C:\OSPanel\domains\opkp.btlc\vendor\btlc\core\Router.php | строка : 70

        
[2018-10-28 21:34:43] текст ошибки: Страница не найдена | файл: C:\OSPanel\domains\opkp.btlc\vendor\btlc\core\Router.php | строка : 70

        
[2018-10-28 21:36:32] текст ошибки: SQLSTATE[42S02]: Base table or view not found: 1146 Table 'opkp.test' doesn't exist | файл: C:\OSPanel\domains\opkp.btlc\vendor\gabordemooij\redbean\RedBeanPHP\Driver\RPDO.php | строка : 188

        
[2018-10-28 21:47:04] текст ошибки: Страница не найдена | файл: C:\OSPanel\domains\opkp.btlc\vendor\btlc\core\Router.php | строка : 70

        
[2018-10-28 22:34:02] текст ошибки: SQLSTATE[42S02]: Base table or view not found: 1146 Table 'opkp.test' doesn't exist | файл: C:\OSPanel\domains\opkp.btlc\vendor\gabordemooij\redbean\RedBeanPHP\Driver\RPDO.php | строка : 188

        
[2018-10-28 22:34:38] текст ошибки: SQLSTATE[42S02]: Base table or view not found: 1146 Table 'opkp.test' doesn't exist | файл: C:\OSPanel\domains\opkp.btlc\vendor\gabordemooij\redbean\RedBeanPHP\Driver\RPDO.php | строка : 188

        
[2018-10-28 22:50:12] текст ошибки: Страница не найдена | файл: C:\OSPanel\domains\opkp.btlc\vendor\btlc\core\Router.php | строка : 70

        
[2018-10-28 23:09:40] текст ошибки: Страница не найдена | файл: C:\OSPanel\domains\opkp.btlc\vendor\btlc\core\Router.php | строка : 70

        
[2018-10-28 23:09:52] текст ошибки: Страница не найдена | файл: C:\OSPanel\domains\opkp.btlc\vendor\btlc\core\Router.php | строка : 70

        
[2018-10-29 00:08:06] текст ошибки: Страница не найдена | файл: C:\OSPanel\domains\opkp.btlc\vendor\btlc\core\Router.php | строка : 70

        
[2018-10-29 00:09:14] текст ошибки: Страница не найдена | файл: C:\OSPanel\domains\opkp.btlc\vendor\btlc\core\Router.php | строка : 70

        
[2018-10-29 00:10:16] текст ошибки: Контроллер app\controllers\DirectoriesController не найден | файл: C:\OSPanel\domains\opkp.btlc\vendor\btlc\core\Router.php | строка : 66

        
[2018-10-29 00:18:51] текст ошибки: Страница не найдена | файл: C:\OSPanel\domains\opkp.btlc\vendor\btlc\core\Router.php | строка : 70

        
[2018-10-29 00:21:23] текст ошибки: Страница не найдена | файл: C:\OSPanel\domains\opkp.btlc\vendor\btlc\core\Router.php | строка : 70

        
[2018-10-29 00:21:39] текст ошибки: Страница не найдена | файл: C:\OSPanel\domains\opkp.btlc\vendor\btlc\core\Router.php | строка : 70

        
[2018-10-29 00:30:55] текст ошибки: Страница не найдена | файл: C:\OSPanel\domains\opkp.btlc\vendor\btlc\core\Router.php | строка : 70

        
[2018-10-29 00:33:12] текст ошибки: Страница не найдена | файл: C:\OSPanel\domains\opkp.btlc\vendor\btlc\core\Router.php | строка : 70

        
[2018-10-29 00:34:09] текст ошибки: Страница не найдена | файл: C:\OSPanel\domains\opkp.btlc\vendor\btlc\core\Router.php | строка : 70

        
[2018-10-29 00:34:23] текст ошибки: Контроллер app\controllers\EmployeesController не найден | файл: C:\OSPanel\domains\opkp.btlc\vendor\btlc\core\Router.php | строка : 66

        
[2018-10-29 01:11:17] текст ошибки: Страница не найдена | файл: C:\OSPanel\domains\opkp.btlc\vendor\btlc\core\Router.php | строка : 70

        
[2018-10-29 01:11:17] текст ошибки: Страница не найдена | файл: C:\OSPanel\domains\opkp.btlc\vendor\btlc\core\Router.php | строка : 70

        
[2018-10-29 01:11:17] текст ошибки: Страница не найдена | файл: C:\OSPanel\domains\opkp.btlc\vendor\btlc\core\Router.php | строка : 70

        
[2018-10-29 01:11:17] текст ошибки: Страница не найдена | файл: C:\OSPanel\domains\opkp.btlc\vendor\btlc\core\Router.php | строка : 70

        
[2018-10-29 01:11:17] текст ошибки: Страница не найдена | файл: C:\OSPanel\domains\opkp.btlc\vendor\btlc\core\Router.php | строка : 70

        
[2018-10-29 01:11:17] текст ошибки: Страница не найдена | файл: C:\OSPanel\domains\opkp.btlc\vendor\btlc\core\Router.php | строка : 70

        
[2018-10-29 01:11:17] текст ошибки: Страница не найдена | файл: C:\OSPanel\domains\opkp.btlc\vendor\btlc\core\Router.php | строка : 70

        
[2018-10-29 01:11:17] текст ошибки: Страница не найдена | файл: C:\OSPanel\domains\opkp.btlc\vendor\btlc\core\Router.php | строка : 70

        
[2018-10-29 01:11:17] текст ошибки: Страница не найдена | файл: C:\OSPanel\domains\opkp.btlc\vendor\btlc\core\Router.php | строка : 70

        
[2018-10-29 01:11:17] текст ошибки: Страница не найдена | файл: C:\OSPanel\domains\opkp.btlc\vendor\btlc\core\Router.php | строка : 70

        
[2018-10-29 01:11:17] текст ошибки: Страница не найдена | файл: C:\OSPanel\domains\opkp.btlc\vendor\btlc\core\Router.php | строка : 70

        
[2018-10-29 01:11:17] текст ошибки: Страница не найдена | файл: C:\OSPanel\domains\opkp.btlc\vendor\btlc\core\Router.php | строка : 70

        
[2018-10-29 01:11:17] текст ошибки: Страница не найдена | файл: C:\OSPanel\domains\opkp.btlc\vendor\btlc\core\Router.php | строка : 70

        
[2018-10-29 01:11:17] текст ошибки: Страница не найдена | файл: C:\OSPanel\domains\opkp.btlc\vendor\btlc\core\Router.php | строка : 70

        
[2018-10-29 01:11:17] текст ошибки: Страница не найдена | файл: C:\OSPanel\domains\opkp.btlc\vendor\btlc\core\Router.php | строка : 70

        
[2018-10-29 01:11:17] текст ошибки: Страница не найдена | файл: C:\OSPanel\domains\opkp.btlc\vendor\btlc\core\Router.php | строка : 70

        
[2018-10-29 01:11:17] текст ошибки: Страница не найдена | файл: C:\OSPanel\domains\opkp.btlc\vendor\btlc\core\Router.php | строка : 70

        
[2018-10-29 01:11:17] текст ошибки: Страница не найдена | файл: C:\OSPanel\domains\opkp.btlc\vendor\btlc\core\Router.php | строка : 70

        
[2018-10-29 01:11:17] текст ошибки: Страница не найдена | файл: C:\OSPanel\domains\opkp.btlc\vendor\btlc\core\Router.php | строка : 70

        
[2018-10-29 01:11:17] текст ошибки: Страница не найдена | файл: C:\OSPanel\domains\opkp.btlc\vendor\btlc\core\Router.php | строка : 70

        
[2018-10-29 01:11:17] текст ошибки: Страница не найдена | файл: C:\OSPanel\domains\opkp.btlc\vendor\btlc\core\Router.php | строка : 70

        
[2018-10-29 01:11:17] текст ошибки: Страница не найдена | файл: C:\OSPanel\domains\opkp.btlc\vendor\btlc\core\Router.php | строка : 70

        
[2018-10-29 01:11:17] текст ошибки: Страница не найдена | файл: C:\OSPanel\domains\opkp.btlc\vendor\btlc\core\Router.php | строка : 70

        
[2018-10-29 01:11:17] текст ошибки: Страница не найдена | файл: C:\OSPanel\domains\opkp.btlc\vendor\btlc\core\Router.php | строка : 70

        
[2018-10-29 01:11:17] текст ошибки: Страница не найдена | файл: C:\OSPanel\domains\opkp.btlc\vendor\btlc\core\Router.php | строка : 70

        
[2018-10-29 01:11:18] текст ошибки: Страница не найдена | файл: C:\OSPanel\domains\opkp.btlc\vendor\btlc\core\Router.php | строка : 70

        
[2018-10-29 01:11:18] текст ошибки: Страница не найдена | файл: C:\OSPanel\domains\opkp.btlc\vendor\btlc\core\Router.php | строка : 70

        
[2018-10-29 01:11:18] текст ошибки: Страница не найдена | файл: C:\OSPanel\domains\opkp.btlc\vendor\btlc\core\Router.php | строка : 70

        
[2018-10-29 01:11:18] текст ошибки: Страница не найдена | файл: C:\OSPanel\domains\opkp.btlc\vendor\btlc\core\Router.php | строка : 70

        
[2018-10-29 01:11:18] текст ошибки: Страница не найдена | файл: C:\OSPanel\domains\opkp.btlc\vendor\btlc\core\Router.php | строка : 70

        
[2018-10-29 01:11:18] текст ошибки: Страница не найдена | файл: C:\OSPanel\domains\opkp.btlc\vendor\btlc\core\Router.php | строка : 70

        
[2018-10-29 01:11:18] текст ошибки: Страница не найдена | файл: C:\OSPanel\domains\opkp.btlc\vendor\btlc\core\Router.php | строка : 70

        
[2018-10-29 01:11:18] текст ошибки: Страница не найдена | файл: C:\OSPanel\domains\opkp.btlc\vendor\btlc\core\Router.php | строка : 70

        
[2018-10-29 01:11:18] текст ошибки: Страница не найдена | файл: C:\OSPanel\domains\opkp.btlc\vendor\btlc\core\Router.php | строка : 70

        
[2018-10-29 01:11:18] текст ошибки: Страница не найдена | файл: C:\OSPanel\domains\opkp.btlc\vendor\btlc\core\Router.php | строка : 70

        
[2018-10-29 01:11:18] текст ошибки: Страница не найдена | файл: C:\OSPanel\domains\opkp.btlc\vendor\btlc\core\Router.php | строка : 70

        
[2018-10-29 01:11:18] текст ошибки: Страница не найдена | файл: C:\OSPanel\domains\opkp.btlc\vendor\btlc\core\Router.php | строка : 70

        
[2018-10-29 01:11:18] текст ошибки: Страница не найдена | файл: C:\OSPanel\domains\opkp.btlc\vendor\btlc\core\Router.php | строка : 70

        
[2018-10-29 01:11:18] текст ошибки: Страница не найдена | файл: C:\OSPanel\domains\opkp.btlc\vendor\btlc\core\Router.php | строка : 70

        
[2018-10-29 01:11:18] текст ошибки: Страница не найдена | файл: C:\OSPanel\domains\opkp.btlc\vendor\btlc\core\Router.php | строка : 70

        
[2018-10-29 01:11:18] текст ошибки: Страница не найдена | файл: C:\OSPanel\domains\opkp.btlc\vendor\btlc\core\Router.php | строка : 70

        
[2018-10-29 01:11:18] текст ошибки: Страница не найдена | файл: C:\OSPanel\domains\opkp.btlc\vendor\btlc\core\Router.php | строка : 70

        
[2018-10-29 01:11:18] текст ошибки: Страница не найдена | файл: C:\OSPanel\domains\opkp.btlc\vendor\btlc\core\Router.php | строка : 70

        
[2018-10-29 01:11:18] текст ошибки: Страница не найдена | файл: C:\OSPanel\domains\opkp.btlc\vendor\btlc\core\Router.php | строка : 70

        
[2018-10-29 01:11:18] текст ошибки: Страница не найдена | файл: C:\OSPanel\domains\opkp.btlc\vendor\btlc\core\Router.php | строка : 70

        
[2018-10-29 01:11:18] текст ошибки: Страница не найдена | файл: C:\OSPanel\domains\opkp.btlc\vendor\btlc\core\Router.php | строка : 70

        
[2018-10-29 01:11:18] текст ошибки: Страница не найдена | файл: C:\OSPanel\domains\opkp.btlc\vendor\btlc\core\Router.php | строка : 70

        
[2018-10-29 01:11:19] текст ошибки: Страница не найдена | файл: C:\OSPanel\domains\opkp.btlc\vendor\btlc\core\Router.php | строка : 70

        
[2018-10-29 01:11:19] текст ошибки: Страница не найдена | файл: C:\OSPanel\domains\opkp.btlc\vendor\btlc\core\Router.php | строка : 70

        
[2018-10-29 01:11:19] текст ошибки: Страница не найдена | файл: C:\OSPanel\domains\opkp.btlc\vendor\btlc\core\Router.php | строка : 70

        
[2018-10-29 01:11:19] текст ошибки: Страница не найдена | файл: C:\OSPanel\domains\opkp.btlc\vendor\btlc\core\Router.php | строка : 70

        
[2018-10-29 01:11:19] текст ошибки: Страница не найдена | файл: C:\OSPanel\domains\opkp.btlc\vendor\btlc\core\Router.php | строка : 70

        
[2018-10-29 01:13:01] текст ошибки: Страница не найдена | файл: C:\OSPanel\domains\opkp.btlc\vendor\btlc\core\Router.php | строка : 70

        
[2018-10-29 01:13:01] текст ошибки: Страница не найдена | файл: C:\OSPanel\domains\opkp.btlc\vendor\btlc\core\Router.php | строка : 70

        
[2018-10-29 01:13:02] текст ошибки: Страница не найдена | файл: C:\OSPanel\domains\opkp.btlc\vendor\btlc\core\Router.php | строка : 70

        
[2018-10-29 01:13:02] текст ошибки: Страница не найдена | файл: C:\OSPanel\domains\opkp.btlc\vendor\btlc\core\Router.php | строка : 70

        
[2018-10-29 01:13:02] текст ошибки: Страница не найдена | файл: C:\OSPanel\domains\opkp.btlc\vendor\btlc\core\Router.php | строка : 70

        
[2018-10-29 01:13:02] текст ошибки: Страница не найдена | файл: C:\OSPanel\domains\opkp.btlc\vendor\btlc\core\Router.php | строка : 70

        
[2018-10-29 01:13:02] текст ошибки: Страница не найдена | файл: C:\OSPanel\domains\opkp.btlc\vendor\btlc\core\Router.php | строка : 70

        
[2018-10-29 01:13:02] текст ошибки: Страница не найдена | файл: C:\OSPanel\domains\opkp.btlc\vendor\btlc\core\Router.php | строка : 70

        
[2018-10-29 01:13:02] текст ошибки: Страница не найдена | файл: C:\OSPanel\domains\opkp.btlc\vendor\btlc\core\Router.php | строка : 70

        
[2018-10-29 01:13:02] текст ошибки: Страница не найдена | файл: C:\OSPanel\domains\opkp.btlc\vendor\btlc\core\Router.php | строка : 70

        
[2018-10-29 01:13:02] текст ошибки: Страница не найдена | файл: C:\OSPanel\domains\opkp.btlc\vendor\btlc\core\Router.php | строка : 70

        
[2018-10-29 01:13:02] текст ошибки: Страница не найдена | файл: C:\OSPanel\domains\opkp.btlc\vendor\btlc\core\Router.php | строка : 70

        
[2018-10-29 01:13:02] текст ошибки: Страница не найдена | файл: C:\OSPanel\domains\opkp.btlc\vendor\btlc\core\Router.php | строка : 70

        
[2018-10-29 01:13:02] текст ошибки: Страница не найдена | файл: C:\OSPanel\domains\opkp.btlc\vendor\btlc\core\Router.php | строка : 70

        
[2018-10-29 01:13:02] текст ошибки: Страница не найдена | файл: C:\OSPanel\domains\opkp.btlc\vendor\btlc\core\Router.php | строка : 70

        
[2018-10-29 01:13:02] текст ошибки: Страница не найдена | файл: C:\OSPanel\domains\opkp.btlc\vendor\btlc\core\Router.php | строка : 70

        
[2018-10-29 01:13:02] текст ошибки: Страница не найдена | файл: C:\OSPanel\domains\opkp.btlc\vendor\btlc\core\Router.php | строка : 70

        
[2018-10-29 01:13:05] текст ошибки: Страница не найдена | файл: C:\OSPanel\domains\opkp.btlc\vendor\btlc\core\Router.php | строка : 70

        
[2018-10-29 01:13:26] текст ошибки: Страница не найдена | файл: C:\OSPanel\domains\opkp.btlc\vendor\btlc\core\Router.php | строка : 70

        
[2018-10-29 01:13:26] текст ошибки: Страница не найдена | файл: C:\OSPanel\domains\opkp.btlc\vendor\btlc\core\Router.php | строка : 70

        
[2018-10-29 01:13:26] текст ошибки: Страница не найдена | файл: C:\OSPanel\domains\opkp.btlc\vendor\btlc\core\Router.php | строка : 70

        
[2018-10-29 01:13:26] текст ошибки: Страница не найдена | файл: C:\OSPanel\domains\opkp.btlc\vendor\btlc\core\Router.php | строка : 70

        
[2018-10-29 01:13:26] текст ошибки: Страница не найдена | файл: C:\OSPanel\domains\opkp.btlc\vendor\btlc\core\Router.php | строка : 70

        
[2018-10-29 01:13:35] текст ошибки: Страница не найдена | файл: C:\OSPanel\domains\opkp.btlc\vendor\btlc\core\Router.php | строка : 70

        
[2018-10-29 01:13:35] текст ошибки: Страница не найдена | файл: C:\OSPanel\domains\opkp.btlc\vendor\btlc\core\Router.php | строка : 70

        
[2018-10-29 01:13:36] текст ошибки: Страница не найдена | файл: C:\OSPanel\domains\opkp.btlc\vendor\btlc\core\Router.php | строка : 70

        
[2018-10-29 01:13:36] текст ошибки: Страница не найдена | файл: C:\OSPanel\domains\opkp.btlc\vendor\btlc\core\Router.php | строка : 70

        
[2018-10-29 01:13:36] текст ошибки: Страница не найдена | файл: C:\OSPanel\domains\opkp.btlc\vendor\btlc\core\Router.php | строка : 70

        
[2018-10-29 01:13:36] текст ошибки: Страница не найдена | файл: C:\OSPanel\domains\opkp.btlc\vendor\btlc\core\Router.php | строка : 70

        
[2018-10-29 01:13:36] текст ошибки: Страница не найдена | файл: C:\OSPanel\domains\opkp.btlc\vendor\btlc\core\Router.php | строка : 70

        
[2018-10-29 01:13:36] текст ошибки: Страница не найдена | файл: C:\OSPanel\domains\opkp.btlc\vendor\btlc\core\Router.php | строка : 70

        
[2018-10-29 01:13:36] текст ошибки: Страница не найдена | файл: C:\OSPanel\domains\opkp.btlc\vendor\btlc\core\Router.php | строка : 70

        
[2018-10-29 01:13:36] текст ошибки: Страница не найдена | файл: C:\OSPanel\domains\opkp.btlc\vendor\btlc\core\Router.php | строка : 70

        
[2018-10-29 01:13:36] текст ошибки: Страница не найдена | файл: C:\OSPanel\domains\opkp.btlc\vendor\btlc\core\Router.php | строка : 70

        
[2018-10-29 01:13:36] текст ошибки: Страница не найдена | файл: C:\OSPanel\domains\opkp.btlc\vendor\btlc\core\Router.php | строка : 70

        
[2018-10-29 01:13:36] текст ошибки: Страница не найдена | файл: C:\OSPanel\domains\opkp.btlc\vendor\btlc\core\Router.php | строка : 70

        
[2018-10-29 01:13:36] текст ошибки: Страница не найдена | файл: C:\OSPanel\domains\opkp.btlc\vendor\btlc\core\Router.php | строка : 70

        
[2018-10-29 01:13:36] текст ошибки: Страница не найдена | файл: C:\OSPanel\domains\opkp.btlc\vendor\btlc\core\Router.php | строка : 70

        
[2018-10-29 01:13:36] текст ошибки: Страница не найдена | файл: C:\OSPanel\domains\opkp.btlc\vendor\btlc\core\Router.php | строка : 70

        
[2018-10-29 01:13:36] текст ошибки: Страница не найдена | файл: C:\OSPanel\domains\opkp.btlc\vendor\btlc\core\Router.php | строка : 70

        
[2018-10-29 01:13:36] текст ошибки: Страница не найдена | файл: C:\OSPanel\domains\opkp.btlc\vendor\btlc\core\Router.php | строка : 70

        
[2018-10-29 01:13:36] текст ошибки: Страница не найдена | файл: C:\OSPanel\domains\opkp.btlc\vendor\btlc\core\Router.php | строка : 70

        
[2018-10-29 01:13:36] текст ошибки: Страница не найдена | файл: C:\OSPanel\domains\opkp.btlc\vendor\btlc\core\Router.php | строка : 70

        
[2018-10-29 01:13:36] текст ошибки: Страница не найдена | файл: C:\OSPanel\domains\opkp.btlc\vendor\btlc\core\Router.php | строка : 70

        
[2018-10-29 01:13:37] текст ошибки: Страница не найдена | файл: C:\OSPanel\domains\opkp.btlc\vendor\btlc\core\Router.php | строка : 70

        
[2018-10-29 01:13:37] текст ошибки: Страница не найдена | файл: C:\OSPanel\domains\opkp.btlc\vendor\btlc\core\Router.php | строка : 70

        
[2018-10-29 01:13:37] текст ошибки: Страница не найдена | файл: C:\OSPanel\domains\opkp.btlc\vendor\btlc\core\Router.php | строка : 70

        
[2018-10-29 01:15:20] текст ошибки: Страница не найдена | файл: C:\OSPanel\domains\opkp.btlc\vendor\btlc\core\Router.php | строка : 70

        
[2018-10-29 01:16:01] текст ошибки: Страница не найдена | файл: C:\OSPanel\domains\opkp.btlc\vendor\btlc\core\Router.php | строка : 70

        
[2018-10-29 01:16:01] текст ошибки: Страница не найдена | файл: C:\OSPanel\domains\opkp.btlc\vendor\btlc\core\Router.php | строка : 70

        
[2018-10-29 01:16:02] текст ошибки: Страница не найдена | файл: C:\OSPanel\domains\opkp.btlc\vendor\btlc\core\Router.php | строка : 70

        
[2018-10-29 01:16:02] текст ошибки: Страница не найдена | файл: C:\OSPanel\domains\opkp.btlc\vendor\btlc\core\Router.php | строка : 70

        
[2018-10-29 01:16:02] текст ошибки: Страница не найдена | файл: C:\OSPanel\domains\opkp.btlc\vendor\btlc\core\Router.php | строка : 70

        
[2018-10-29 01:16:02] текст ошибки: Страница не найдена | файл: C:\OSPanel\domains\opkp.btlc\vendor\btlc\core\Router.php | строка : 70

        
[2018-10-29 01:16:02] текст ошибки: Страница не найдена | файл: C:\OSPanel\domains\opkp.btlc\vendor\btlc\core\Router.php | строка : 70

        
[2018-10-29 01:16:02] текст ошибки: Страница не найдена | файл: C:\OSPanel\domains\opkp.btlc\vendor\btlc\core\Router.php | строка : 70

        
[2018-10-29 01:16:02] текст ошибки: Страница не найдена | файл: C:\OSPanel\domains\opkp.btlc\vendor\btlc\core\Router.php | строка : 70

        
[2018-10-29 01:16:02] текст ошибки: Страница не найдена | файл: C:\OSPanel\domains\opkp.btlc\vendor\btlc\core\Router.php | строка : 70

        
[2018-10-29 01:16:02] текст ошибки: Страница не найдена | файл: C:\OSPanel\domains\opkp.btlc\vendor\btlc\core\Router.php | строка : 70

        
[2018-10-29 01:16:02] текст ошибки: Страница не найдена | файл: C:\OSPanel\domains\opkp.btlc\vendor\btlc\core\Router.php | строка : 70

        
[2018-10-29 01:16:02] текст ошибки: Страница не найдена | файл: C:\OSPanel\domains\opkp.btlc\vendor\btlc\core\Router.php | строка : 70

        
[2018-10-29 01:16:02] текст ошибки: Страница не найдена | файл: C:\OSPanel\domains\opkp.btlc\vendor\btlc\core\Router.php | строка : 70

        
[2018-10-29 01:16:02] текст ошибки: Страница не найдена | файл: C:\OSPanel\domains\opkp.btlc\vendor\btlc\core\Router.php | строка : 70

        
[2018-10-29 01:16:02] текст ошибки: Страница не найдена | файл: C:\OSPanel\domains\opkp.btlc\vendor\btlc\core\Router.php | строка : 70

        
[2018-10-29 01:16:02] текст ошибки: Страница не найдена | файл: C:\OSPanel\domains\opkp.btlc\vendor\btlc\core\Router.php | строка : 70

        
[2018-10-29 01:16:02] текст ошибки: Страница не найдена | файл: C:\OSPanel\domains\opkp.btlc\vendor\btlc\core\Router.php | строка : 70

        
[2018-10-29 01:16:02] текст ошибки: Страница не найдена | файл: C:\OSPanel\domains\opkp.btlc\vendor\btlc\core\Router.php | строка : 70

        
[2018-10-29 01:16:17] текст ошибки: Страница не найдена | файл: C:\OSPanel\domains\opkp.btlc\vendor\btlc\core\Router.php | строка : 70

        
[2018-10-29 01:16:17] текст ошибки: Страница не найдена | файл: C:\OSPanel\domains\opkp.btlc\vendor\btlc\core\Router.php | строка : 70

        
[2018-10-29 01:16:17] текст ошибки: Страница не найдена | файл: C:\OSPanel\domains\opkp.btlc\vendor\btlc\core\Router.php | строка : 70

        
[2018-10-29 01:16:18] текст ошибки: Страница не найдена | файл: C:\OSPanel\domains\opkp.btlc\vendor\btlc\core\Router.php | строка : 70

        
[2018-10-29 01:16:18] текст ошибки: Страница не найдена | файл: C:\OSPanel\domains\opkp.btlc\vendor\btlc\core\Router.php | строка : 70

        
[2018-10-29 10:25:59] текст ошибки: Страница не найдена | файл: C:\OSPanel\domains\opkp.btlc\vendor\btlc\core\Router.php | строка : 70

        
[2018-10-29 10:25:59] текст ошибки: Страница не найдена | файл: C:\OSPanel\domains\opkp.btlc\vendor\btlc\core\Router.php | строка : 70

        
[2018-10-29 10:26:00] текст ошибки: Страница не найдена | файл: C:\OSPanel\domains\opkp.btlc\vendor\btlc\core\Router.php | строка : 70

        
[2018-10-29 10:26:00] текст ошибки: Страница не найдена | файл: C:\OSPanel\domains\opkp.btlc\vendor\btlc\core\Router.php | строка : 70

        
[2018-10-29 10:26:00] текст ошибки: Страница не найдена | файл: C:\OSPanel\domains\opkp.btlc\vendor\btlc\core\Router.php | строка : 70

        
[2018-10-29 10:26:00] текст ошибки: Страница не найдена | файл: C:\OSPanel\domains\opkp.btlc\vendor\btlc\core\Router.php | строка : 70

        
[2018-10-29 10:26:00] текст ошибки: Страница не найдена | файл: C:\OSPanel\domains\opkp.btlc\vendor\btlc\core\Router.php | строка : 70

        
[2018-10-29 10:26:00] текст ошибки: Страница не найдена | файл: C:\OSPanel\domains\opkp.btlc\vendor\btlc\core\Router.php | строка : 70

        
[2018-10-29 10:26:00] текст ошибки: Страница не найдена | файл: C:\OSPanel\domains\opkp.btlc\vendor\btlc\core\Router.php | строка : 70

        
[2018-10-29 10:26:00] текст ошибки: Страница не найдена | файл: C:\OSPanel\domains\opkp.btlc\vendor\btlc\core\Router.php | строка : 70

        
[2018-10-29 10:26:00] текст ошибки: Страница не найдена | файл: C:\OSPanel\domains\opkp.btlc\vendor\btlc\core\Router.php | строка : 70

        
[2018-10-29 10:26:00] текст ошибки: Страница не найдена | файл: C:\OSPanel\domains\opkp.btlc\vendor\btlc\core\Router.php | строка : 70

        
[2018-10-29 10:26:00] текст ошибки: Страница не найдена | файл: C:\OSPanel\domains\opkp.btlc\vendor\btlc\core\Router.php | строка : 70

        
[2018-10-29 10:26:00] текст ошибки: Страница не найдена | файл: C:\OSPanel\domains\opkp.btlc\vendor\btlc\core\Router.php | строка : 70

        
[2018-10-29 10:26:00] текст ошибки: Страница не найдена | файл: C:\OSPanel\domains\opkp.btlc\vendor\btlc\core\Router.php | строка : 70

        
[2018-10-29 10:26:00] текст ошибки: Страница не найдена | файл: C:\OSPanel\domains\opkp.btlc\vendor\btlc\core\Router.php | строка : 70

        
[2018-10-29 10:26:00] текст ошибки: Страница не найдена | файл: C:\OSPanel\domains\opkp.btlc\vendor\btlc\core\Router.php | строка : 70

        
[2018-10-29 10:26:05] текст ошибки: Страница не найдена | файл: C:\OSPanel\domains\opkp.btlc\vendor\btlc\core\Router.php | строка : 70

        
[2018-10-29 12:44:06] текст ошибки: Страница не найдена | файл: C:\OSPanel\domains\opkp.btlc\vendor\btlc\core\Router.php | строка : 70

        
[2018-10-29 12:44:06] текст ошибки: Страница не найдена | файл: C:\OSPanel\domains\opkp.btlc\vendor\btlc\core\Router.php | строка : 70

        
[2018-10-29 12:44:07] текст ошибки: Страница не найдена | файл: C:\OSPanel\domains\opkp.btlc\vendor\btlc\core\Router.php | строка : 70

        
[2018-10-29 12:44:08] текст ошибки: Страница не найдена | файл: C:\OSPanel\domains\opkp.btlc\vendor\btlc\core\Router.php | строка : 70

        
[2018-10-29 12:44:08] текст ошибки: Страница не найдена | файл: C:\OSPanel\domains\opkp.btlc\vendor\btlc\core\Router.php | строка : 70

        
[2018-10-29 12:44:08] текст ошибки: Страница не найдена | файл: C:\OSPanel\domains\opkp.btlc\vendor\btlc\core\Router.php | строка : 70

        
[2018-10-29 12:44:08] текст ошибки: Страница не найдена | файл: C:\OSPanel\domains\opkp.btlc\vendor\btlc\core\Router.php | строка : 70

        
[2018-10-29 12:44:08] текст ошибки: Страница не найдена | файл: C:\OSPanel\domains\opkp.btlc\vendor\btlc\core\Router.php | строка : 70

        
[2018-10-29 12:44:08] текст ошибки: Страница не найдена | файл: C:\OSPanel\domains\opkp.btlc\vendor\btlc\core\Router.php | строка : 70

        
[2018-10-29 12:44:08] текст ошибки: Страница не найдена | файл: C:\OSPanel\domains\opkp.btlc\vendor\btlc\core\Router.php | строка : 70

        
[2018-10-29 12:44:08] текст ошибки: Страница не найдена | файл: C:\OSPanel\domains\opkp.btlc\vendor\btlc\core\Router.php | строка : 70

        
[2018-10-29 12:44:08] текст ошибки: Страница не найдена | файл: C:\OSPanel\domains\opkp.btlc\vendor\btlc\core\Router.php | строка : 70

        
[2018-10-29 12:44:15] текст ошибки: Страница не найдена | файл: C:\OSPanel\domains\opkp.btlc\vendor\btlc\core\Router.php | строка : 70

        
[2018-10-29 12:44:15] текст ошибки: Страница не найдена | файл: C:\OSPanel\domains\opkp.btlc\vendor\btlc\core\Router.php | строка : 70

        
[2018-10-29 12:44:15] текст ошибки: Страница не найдена | файл: C:\OSPanel\domains\opkp.btlc\vendor\btlc\core\Router.php | строка : 70

        
[2018-10-29 12:44:15] текст ошибки: Страница не найдена | файл: C:\OSPanel\domains\opkp.btlc\vendor\btlc\core\Router.php | строка : 70

        
[2018-10-29 12:44:16] текст ошибки: Страница не найдена | файл: C:\OSPanel\domains\opkp.btlc\vendor\btlc\core\Router.php | строка : 70

        
[2018-10-29 12:44:16] текст ошибки: Страница не найдена | файл: C:\OSPanel\domains\opkp.btlc\vendor\btlc\core\Router.php | строка : 70

        
[2018-10-29 12:44:16] текст ошибки: Страница не найдена | файл: C:\OSPanel\domains\opkp.btlc\vendor\btlc\core\Router.php | строка : 70

        
[2018-10-29 12:44:16] текст ошибки: Страница не найдена | файл: C:\OSPanel\domains\opkp.btlc\vendor\btlc\core\Router.php | строка : 70

        
[2018-10-29 12:44:16] текст ошибки: Страница не найдена | файл: C:\OSPanel\domains\opkp.btlc\vendor\btlc\core\Router.php | строка : 70

        
[2018-10-29 12:44:16] текст ошибки: Страница не найдена | файл: C:\OSPanel\domains\opkp.btlc\vendor\btlc\core\Router.php | строка : 70

        
[2018-10-29 12:44:16] текст ошибки: Страница не найдена | файл: C:\OSPanel\domains\opkp.btlc\vendor\btlc\core\Router.php | строка : 70

        
[2018-10-29 12:44:17] текст ошибки: Страница не найдена | файл: C:\OSPanel\domains\opkp.btlc\vendor\btlc\core\Router.php | строка : 70

        
[2018-10-29 12:44:17] текст ошибки: Страница не найдена | файл: C:\OSPanel\domains\opkp.btlc\vendor\btlc\core\Router.php | строка : 70

        
[2018-10-29 12:44:17] текст ошибки: Страница не найдена | файл: C:\OSPanel\domains\opkp.btlc\vendor\btlc\core\Router.php | строка : 70

        
[2018-10-29 12:45:27] текст ошибки: Страница не найдена | файл: C:\OSPanel\domains\opkp.btlc\vendor\btlc\core\Router.php | строка : 70

        
[2018-10-29 12:45:27] текст ошибки: Страница не найдена | файл: C:\OSPanel\domains\opkp.btlc\vendor\btlc\core\Router.php | строка : 70

        
[2018-10-29 12:45:28] текст ошибки: Страница не найдена | файл: C:\OSPanel\domains\opkp.btlc\vendor\btlc\core\Router.php | строка : 70

        
[2018-10-29 12:45:28] текст ошибки: Страница не найдена | файл: C:\OSPanel\domains\opkp.btlc\vendor\btlc\core\Router.php | строка : 70

        
[2018-10-29 12:45:28] текст ошибки: Страница не найдена | файл: C:\OSPanel\domains\opkp.btlc\vendor\btlc\core\Router.php | строка : 70

        
[2018-10-29 12:45:28] текст ошибки: Страница не найдена | файл: C:\OSPanel\domains\opkp.btlc\vendor\btlc\core\Router.php | строка : 70

        
[2018-10-29 12:45:28] текст ошибки: Страница не найдена | файл: C:\OSPanel\domains\opkp.btlc\vendor\btlc\core\Router.php | строка : 70

        
[2018-10-29 12:45:29] текст ошибки: Страница не найдена | файл: C:\OSPanel\domains\opkp.btlc\vendor\btlc\core\Router.php | строка : 70

        
[2018-10-29 12:45:29] текст ошибки: Страница не найдена | файл: C:\OSPanel\domains\opkp.btlc\vendor\btlc\core\Router.php | строка : 70

        
[2018-10-29 12:45:29] текст ошибки: Страница не найдена | файл: C:\OSPanel\domains\opkp.btlc\vendor\btlc\core\Router.php | строка : 70

        
[2018-10-29 12:45:29] текст ошибки: Страница не найдена | файл: C:\OSPanel\domains\opkp.btlc\vendor\btlc\core\Router.php | строка : 70

        
[2018-10-29 12:45:30] текст ошибки: Страница не найдена | файл: C:\OSPanel\domains\opkp.btlc\vendor\btlc\core\Router.php | строка : 70

        
[2018-10-29 12:45:30] текст ошибки: Страница не найдена | файл: C:\OSPanel\domains\opkp.btlc\vendor\btlc\core\Router.php | строка : 70

        
[2018-10-29 12:45:30] текст ошибки: Страница не найдена | файл: C:\OSPanel\domains\opkp.btlc\vendor\btlc\core\Router.php | строка : 70

        
[2018-10-29 12:45:52] текст ошибки: Страница не найдена | файл: C:\OSPanel\domains\opkp.btlc\vendor\btlc\core\Router.php | строка : 70

        
[2018-10-29 12:45:52] текст ошибки: Страница не найдена | файл: C:\OSPanel\domains\opkp.btlc\vendor\btlc\core\Router.php | строка : 70

        
[2018-10-29 12:45:52] текст ошибки: Страница не найдена | файл: C:\OSPanel\domains\opkp.btlc\vendor\btlc\core\Router.php | строка : 70

        
[2018-10-29 12:45:52] текст ошибки: Страница не найдена | файл: C:\OSPanel\domains\opkp.btlc\vendor\btlc\core\Router.php | строка : 70

        
[2018-10-29 12:45:53] текст ошибки: Страница не найдена | файл: C:\OSPanel\domains\opkp.btlc\vendor\btlc\core\Router.php | строка : 70

        
[2018-10-29 12:45:53] текст ошибки: Страница не найдена | файл: C:\OSPanel\domains\opkp.btlc\vendor\btlc\core\Router.php | строка : 70

        
[2018-10-29 12:45:53] текст ошибки: Страница не найдена | файл: C:\OSPanel\domains\opkp.btlc\vendor\btlc\core\Router.php | строка : 70

        
[2018-10-29 12:45:53] текст ошибки: Страница не найдена | файл: C:\OSPanel\domains\opkp.btlc\vendor\btlc\core\Router.php | строка : 70

        
[2018-10-29 12:45:53] текст ошибки: Страница не найдена | файл: C:\OSPanel\domains\opkp.btlc\vendor\btlc\core\Router.php | строка : 70

        
[2018-10-29 12:45:53] текст ошибки: Страница не найдена | файл: C:\OSPanel\domains\opkp.btlc\vendor\btlc\core\Router.php | строка : 70

        
[2018-10-29 12:45:53] текст ошибки: Страница не найдена | файл: C:\OSPanel\domains\opkp.btlc\vendor\btlc\core\Router.php | строка : 70

        
[2018-10-29 12:45:54] текст ошибки: Страница не найдена | файл: C:\OSPanel\domains\opkp.btlc\vendor\btlc\core\Router.php | строка : 70

        
[2018-10-29 12:45:54] текст ошибки: Страница не найдена | файл: C:\OSPanel\domains\opkp.btlc\vendor\btlc\core\Router.php | строка : 70

        
[2018-10-29 12:45:54] текст ошибки: Страница не найдена | файл: C:\OSPanel\domains\opkp.btlc\vendor\btlc\core\Router.php | строка : 70

        
[2018-10-29 12:47:37] текст ошибки: Страница не найдена | файл: C:\OSPanel\domains\opkp.btlc\vendor\btlc\core\Router.php | строка : 70

        
[2018-10-29 12:47:37] текст ошибки: Страница не найдена | файл: C:\OSPanel\domains\opkp.btlc\vendor\btlc\core\Router.php | строка : 70

        
[2018-10-29 12:47:38] текст ошибки: Страница не найдена | файл: C:\OSPanel\domains\opkp.btlc\vendor\btlc\core\Router.php | строка : 70

        
[2018-10-29 12:47:38] текст ошибки: Страница не найдена | файл: C:\OSPanel\domains\opkp.btlc\vendor\btlc\core\Router.php | строка : 70

        
[2018-10-29 12:47:38] текст ошибки: Страница не найдена | файл: C:\OSPanel\domains\opkp.btlc\vendor\btlc\core\Router.php | строка : 70

        
[2018-10-29 12:47:38] текст ошибки: Страница не найдена | файл: C:\OSPanel\domains\opkp.btlc\vendor\btlc\core\Router.php | строка : 70

        
[2018-10-29 12:47:38] текст ошибки: Страница не найдена | файл: C:\OSPanel\domains\opkp.btlc\vendor\btlc\core\Router.php | строка : 70

        
[2018-10-29 12:47:38] текст ошибки: Страница не найдена | файл: C:\OSPanel\domains\opkp.btlc\vendor\btlc\core\Router.php | строка : 70

        
[2018-10-29 12:47:38] текст ошибки: Страница не найдена | файл: C:\OSPanel\domains\opkp.btlc\vendor\btlc\core\Router.php | строка : 70

        
[2018-10-29 12:47:38] текст ошибки: Страница не найдена | файл: C:\OSPanel\domains\opkp.btlc\vendor\btlc\core\Router.php | строка : 70

        
[2018-10-29 12:47:38] текст ошибки: Страница не найдена | файл: C:\OSPanel\domains\opkp.btlc\vendor\btlc\core\Router.php | строка : 70

        
[2018-10-29 12:47:40] текст ошибки: Страница не найдена | файл: C:\OSPanel\domains\opkp.btlc\vendor\btlc\core\Router.php | строка : 70

        
[2018-10-29 12:47:40] текст ошибки: Страница не найдена | файл: C:\OSPanel\domains\opkp.btlc\vendor\btlc\core\Router.php | строка : 70

        
[2018-10-29 12:47:40] текст ошибки: Страница не найдена | файл: C:\OSPanel\domains\opkp.btlc\vendor\btlc\core\Router.php | строка : 70

        
[2018-10-29 12:47:44] текст ошибки: Страница не найдена | файл: C:\OSPanel\domains\opkp.btlc\vendor\btlc\core\Router.php | строка : 70

        
[2018-10-29 12:47:46] текст ошибки: Страница не найдена | файл: C:\OSPanel\domains\opkp.btlc\vendor\btlc\core\Router.php | строка : 70

        
[2018-10-29 12:47:48] текст ошибки: Страница не найдена | файл: C:\OSPanel\domains\opkp.btlc\vendor\btlc\core\Router.php | строка : 70

        
[2018-10-29 12:47:48] текст ошибки: Страница не найдена | файл: C:\OSPanel\domains\opkp.btlc\vendor\btlc\core\Router.php | строка : 70

        
[2018-10-29 12:47:48] текст ошибки: Страница не найдена | файл: C:\OSPanel\domains\opkp.btlc\vendor\btlc\core\Router.php | строка : 70

        
[2018-10-29 12:47:48] текст ошибки: Страница не найдена | файл: C:\OSPanel\domains\opkp.btlc\vendor\btlc\core\Router.php | строка : 70

        
[2018-10-29 12:47:48] текст ошибки: Страница не найдена | файл: C:\OSPanel\domains\opkp.btlc\vendor\btlc\core\Router.php | строка : 70

        
[2018-10-29 12:47:48] текст ошибки: Страница не найдена | файл: C:\OSPanel\domains\opkp.btlc\vendor\btlc\core\Router.php | строка : 70

        
[2018-10-29 12:47:49] текст ошибки: Страница не найдена | файл: C:\OSPanel\domains\opkp.btlc\vendor\btlc\core\Router.php | строка : 70

        
[2018-10-29 12:47:49] текст ошибки: Страница не найдена | файл: C:\OSPanel\domains\opkp.btlc\vendor\btlc\core\Router.php | строка : 70

        
[2018-10-29 12:47:49] текст ошибки: Страница не найдена | файл: C:\OSPanel\domains\opkp.btlc\vendor\btlc\core\Router.php | строка : 70

        
[2018-10-29 12:47:49] текст ошибки: Страница не найдена | файл: C:\OSPanel\domains\opkp.btlc\vendor\btlc\core\Router.php | строка : 70

        
[2018-10-29 12:47:49] текст ошибки: Страница не найдена | файл: C:\OSPanel\domains\opkp.btlc\vendor\btlc\core\Router.php | строка : 70

        
[2018-10-29 12:47:50] текст ошибки: Страница не найдена | файл: C:\OSPanel\domains\opkp.btlc\vendor\btlc\core\Router.php | строка : 70

        
[2018-10-29 12:47:50] текст ошибки: Страница не найдена | файл: C:\OSPanel\domains\opkp.btlc\vendor\btlc\core\Router.php | строка : 70

        
[2018-10-29 12:47:50] текст ошибки: Страница не найдена | файл: C:\OSPanel\domains\opkp.btlc\vendor\btlc\core\Router.php | строка : 70

        
[2018-10-29 12:59:04] текст ошибки: Страница не найдена | файл: C:\OSPanel\domains\opkp.btlc\vendor\btlc\core\Router.php | строка : 70

        
[2018-10-29 12:59:04] текст ошибки: Страница не найдена | файл: C:\OSPanel\domains\opkp.btlc\vendor\btlc\core\Router.php | строка : 70

        
[2018-10-29 12:59:04] текст ошибки: Страница не найдена | файл: C:\OSPanel\domains\opkp.btlc\vendor\btlc\core\Router.php | строка : 70

        
[2018-10-29 12:59:05] текст ошибки: Страница не найдена | файл: C:\OSPanel\domains\opkp.btlc\vendor\btlc\core\Router.php | строка : 70

        
[2018-10-29 12:59:05] текст ошибки: Страница не найдена | файл: C:\OSPanel\domains\opkp.btlc\vendor\btlc\core\Router.php | строка : 70

        
[2018-10-29 12:59:05] текст ошибки: Страница не найдена | файл: C:\OSPanel\domains\opkp.btlc\vendor\btlc\core\Router.php | строка : 70

        
[2018-10-29 12:59:05] текст ошибки: Страница не найдена | файл: C:\OSPanel\domains\opkp.btlc\vendor\btlc\core\Router.php | строка : 70

        
[2018-10-29 12:59:05] текст ошибки: Страница не найдена | файл: C:\OSPanel\domains\opkp.btlc\vendor\btlc\core\Router.php | строка : 70

        
[2018-10-29 12:59:05] текст ошибки: Страница не найдена | файл: C:\OSPanel\domains\opkp.btlc\vendor\btlc\core\Router.php | строка : 70

        
[2018-10-29 12:59:06] текст ошибки: Страница не найдена | файл: C:\OSPanel\domains\opkp.btlc\vendor\btlc\core\Router.php | строка : 70

        
[2018-10-29 12:59:06] текст ошибки: Страница не найдена | файл: C:\OSPanel\domains\opkp.btlc\vendor\btlc\core\Router.php | строка : 70

        
[2018-10-29 12:59:06] текст ошибки: Страница не найдена | файл: C:\OSPanel\domains\opkp.btlc\vendor\btlc\core\Router.php | строка : 70

        
[2018-10-29 12:59:08] текст ошибки: Страница не найдена | файл: C:\OSPanel\domains\opkp.btlc\vendor\btlc\core\Router.php | строка : 70

        
[2018-10-29 12:59:12] текст ошибки: Страница не найдена | файл: C:\OSPanel\domains\opkp.btlc\vendor\btlc\core\Router.php | строка : 70

        
[2018-10-29 12:59:12] текст ошибки: Страница не найдена | файл: C:\OSPanel\domains\opkp.btlc\vendor\btlc\core\Router.php | строка : 70

        
[2018-10-29 12:59:12] текст ошибки: Страница не найдена | файл: C:\OSPanel\domains\opkp.btlc\vendor\btlc\core\Router.php | строка : 70

        
[2018-10-29 12:59:12] текст ошибки: Страница не найдена | файл: C:\OSPanel\domains\opkp.btlc\vendor\btlc\core\Router.php | строка : 70

        
[2018-10-29 12:59:12] текст ошибки: Страница не найдена | файл: C:\OSPanel\domains\opkp.btlc\vendor\btlc\core\Router.php | строка : 70

        
[2018-10-29 12:59:12] текст ошибки: Страница не найдена | файл: C:\OSPanel\domains\opkp.btlc\vendor\btlc\core\Router.php | строка : 70

        
[2018-10-29 12:59:13] текст ошибки: Страница не найдена | файл: C:\OSPanel\domains\opkp.btlc\vendor\btlc\core\Router.php | строка : 70

        
[2018-10-29 12:59:13] текст ошибки: Страница не найдена | файл: C:\OSPanel\domains\opkp.btlc\vendor\btlc\core\Router.php | строка : 70

        
[2018-10-29 12:59:13] текст ошибки: Страница не найдена | файл: C:\OSPanel\domains\opkp.btlc\vendor\btlc\core\Router.php | строка : 70

        
[2018-10-29 12:59:13] текст ошибки: Страница не найдена | файл: C:\OSPanel\domains\opkp.btlc\vendor\btlc\core\Router.php | строка : 70

        
[2018-10-29 12:59:13] текст ошибки: Страница не найдена | файл: C:\OSPanel\domains\opkp.btlc\vendor\btlc\core\Router.php | строка : 70

        
[2018-10-29 12:59:14] текст ошибки: Страница не найдена | файл: C:\OSPanel\domains\opkp.btlc\vendor\btlc\core\Router.php | строка : 70

        
[2018-10-29 12:59:14] текст ошибки: Страница не найдена | файл: C:\OSPanel\domains\opkp.btlc\vendor\btlc\core\Router.php | строка : 70

        
[2018-10-29 12:59:14] текст ошибки: Страница не найдена | файл: C:\OSPanel\domains\opkp.btlc\vendor\btlc\core\Router.php | строка : 70

        
[2018-10-29 13:00:38] текст ошибки: Страница не найдена | файл: C:\OSPanel\domains\opkp.btlc\vendor\btlc\core\Router.php | строка : 70

        
[2018-10-29 13:00:38] текст ошибки: Страница не найдена | файл: C:\OSPanel\domains\opkp.btlc\vendor\btlc\core\Router.php | строка : 70

        
[2018-10-29 13:00:38] текст ошибки: Страница не найдена | файл: C:\OSPanel\domains\opkp.btlc\vendor\btlc\core\Router.php | строка : 70

        
[2018-10-29 13:00:38] текст ошибки: Страница не найдена | файл: C:\OSPanel\domains\opkp.btlc\vendor\btlc\core\Router.php | строка : 70

        
[2018-10-29 13:00:38] текст ошибки: Страница не найдена | файл: C:\OSPanel\domains\opkp.btlc\vendor\btlc\core\Router.php | строка : 70

        
[2018-10-29 13:00:38] текст ошибки: Страница не найдена | файл: C:\OSPanel\domains\opkp.btlc\vendor\btlc\core\Router.php | строка : 70

        
[2018-10-29 13:00:39] текст ошибки: Страница не найдена | файл: C:\OSPanel\domains\opkp.btlc\vendor\btlc\core\Router.php | строка : 70

        
[2018-10-29 13:00:39] текст ошибки: Страница не найдена | файл: C:\OSPanel\domains\opkp.btlc\vendor\btlc\core\Router.php | строка : 70

        
[2018-10-29 13:00:39] текст ошибки: Страница не найдена | файл: C:\OSPanel\domains\opkp.btlc\vendor\btlc\core\Router.php | строка : 70

        
[2018-10-29 13:00:39] текст ошибки: Страница не найдена | файл: C:\OSPanel\domains\opkp.btlc\vendor\btlc\core\Router.php | строка : 70

        
[2018-10-29 13:00:39] текст ошибки: Страница не найдена | файл: C:\OSPanel\domains\opkp.btlc\vendor\btlc\core\Router.php | строка : 70

        
[2018-10-29 13:00:40] текст ошибки: Страница не найдена | файл: C:\OSPanel\domains\opkp.btlc\vendor\btlc\core\Router.php | строка : 70

        
[2018-10-29 13:00:40] текст ошибки: Страница не найдена | файл: C:\OSPanel\domains\opkp.btlc\vendor\btlc\core\Router.php | строка : 70

        
[2018-10-29 13:00:40] текст ошибки: Страница не найдена | файл: C:\OSPanel\domains\opkp.btlc\vendor\btlc\core\Router.php | строка : 70

        
[2018-10-29 13:00:53] текст ошибки: Страница не найдена | файл: C:\OSPanel\domains\opkp.btlc\vendor\btlc\core\Router.php | строка : 70

        
[2018-10-29 13:00:53] текст ошибки: Страница не найдена | файл: C:\OSPanel\domains\opkp.btlc\vendor\btlc\core\Router.php | строка : 70

        
[2018-10-29 13:00:53] текст ошибки: Страница не найдена | файл: C:\OSPanel\domains\opkp.btlc\vendor\btlc\core\Router.php | строка : 70

        
[2018-10-29 13:00:53] текст ошибки: Страница не найдена | файл: C:\OSPanel\domains\opkp.btlc\vendor\btlc\core\Router.php | строка : 70

        
[2018-10-29 13:00:54] текст ошибки: Страница не найдена | файл: C:\OSPanel\domains\opkp.btlc\vendor\btlc\core\Router.php | строка : 70

        
[2018-10-29 13:00:54] текст ошибки: Страница не найдена | файл: C:\OSPanel\domains\opkp.btlc\vendor\btlc\core\Router.php | строка : 70

        
[2018-10-29 13:00:54] текст ошибки: Страница не найдена | файл: C:\OSPanel\domains\opkp.btlc\vendor\btlc\core\Router.php | строка : 70

        
[2018-10-29 13:00:54] текст ошибки: Страница не найдена | файл: C:\OSPanel\domains\opkp.btlc\vendor\btlc\core\Router.php | строка : 70

        
[2018-10-29 13:00:54] текст ошибки: Страница не найдена | файл: C:\OSPanel\domains\opkp.btlc\vendor\btlc\core\Router.php | строка : 70

        
[2018-10-29 13:00:54] текст ошибки: Страница не найдена | файл: C:\OSPanel\domains\opkp.btlc\vendor\btlc\core\Router.php | строка : 70

        
[2018-10-29 13:00:54] текст ошибки: Страница не найдена | файл: C:\OSPanel\domains\opkp.btlc\vendor\btlc\core\Router.php | строка : 70

        
[2018-10-29 13:00:55] текст ошибки: Страница не найдена | файл: C:\OSPanel\domains\opkp.btlc\vendor\btlc\core\Router.php | строка : 70

        
[2018-10-29 13:00:55] текст ошибки: Страница не найдена | файл: C:\OSPanel\domains\opkp.btlc\vendor\btlc\core\Router.php | строка : 70

        
[2018-10-29 13:00:55] текст ошибки: Страница не найдена | файл: C:\OSPanel\domains\opkp.btlc\vendor\btlc\core\Router.php | строка : 70

        
[2018-10-29 18:01:59] текст ошибки: Страница не найдена | файл: C:\OSPanel\domains\opkp.btlc\vendor\btlc\core\Router.php | строка : 70

        
[2018-10-29 18:01:59] текст ошибки: Страница не найдена | файл: C:\OSPanel\domains\opkp.btlc\vendor\btlc\core\Router.php | строка : 70

        
[2018-10-29 18:02:00] текст ошибки: Страница не найдена | файл: C:\OSPanel\domains\opkp.btlc\vendor\btlc\core\Router.php | строка : 70

        
[2018-10-29 18:02:00] текст ошибки: Страница не найдена | файл: C:\OSPanel\domains\opkp.btlc\vendor\btlc\core\Router.php | строка : 70

        
[2018-10-29 18:02:00] текст ошибки: Страница не найдена | файл: C:\OSPanel\domains\opkp.btlc\vendor\btlc\core\Router.php | строка : 70

        
[2018-10-29 18:02:00] текст ошибки: Страница не найдена | файл: C:\OSPanel\domains\opkp.btlc\vendor\btlc\core\Router.php | строка : 70

        
[2018-10-29 18:02:00] текст ошибки: Страница не найдена | файл: C:\OSPanel\domains\opkp.btlc\vendor\btlc\core\Router.php | строка : 70

        
[2018-10-29 18:02:00] текст ошибки: Страница не найдена | файл: C:\OSPanel\domains\opkp.btlc\vendor\btlc\core\Router.php | строка : 70

        
[2018-10-29 18:02:00] текст ошибки: Страница не найдена | файл: C:\OSPanel\domains\opkp.btlc\vendor\btlc\core\Router.php | строка : 70

        
[2018-10-29 18:02:01] текст ошибки: Страница не найдена | файл: C:\OSPanel\domains\opkp.btlc\vendor\btlc\core\Router.php | строка : 70

        
[2018-10-29 18:02:01] текст ошибки: Страница не найдена | файл: C:\OSPanel\domains\opkp.btlc\vendor\btlc\core\Router.php | строка : 70

        
[2018-10-29 18:02:01] текст ошибки: Страница не найдена | файл: C:\OSPanel\domains\opkp.btlc\vendor\btlc\core\Router.php | строка : 70

        
[2018-10-29 18:02:08] текст ошибки: Страница не найдена | файл: C:\OSPanel\domains\opkp.btlc\vendor\btlc\core\Router.php | строка : 70

        
[2018-10-29 18:02:08] текст ошибки: Страница не найдена | файл: C:\OSPanel\domains\opkp.btlc\vendor\btlc\core\Router.php | строка : 70

        
[2018-10-29 18:02:08] текст ошибки: Страница не найдена | файл: C:\OSPanel\domains\opkp.btlc\vendor\btlc\core\Router.php | строка : 70

        
[2018-10-29 18:02:08] текст ошибки: Страница не найдена | файл: C:\OSPanel\domains\opkp.btlc\vendor\btlc\core\Router.php | строка : 70

        
[2018-10-29 18:02:09] текст ошибки: Страница не найдена | файл: C:\OSPanel\domains\opkp.btlc\vendor\btlc\core\Router.php | строка : 70

        
[2018-10-29 18:02:09] текст ошибки: Страница не найдена | файл: C:\OSPanel\domains\opkp.btlc\vendor\btlc\core\Router.php | строка : 70

        
[2018-10-29 18:02:09] текст ошибки: Страница не найдена | файл: C:\OSPanel\domains\opkp.btlc\vendor\btlc\core\Router.php | строка : 70

        
[2018-10-29 18:02:09] текст ошибки: Страница не найдена | файл: C:\OSPanel\domains\opkp.btlc\vendor\btlc\core\Router.php | строка : 70

        
[2018-10-29 18:02:09] текст ошибки: Страница не найдена | файл: C:\OSPanel\domains\opkp.btlc\vendor\btlc\core\Router.php | строка : 70

        
[2018-10-29 18:02:09] текст ошибки: Страница не найдена | файл: C:\OSPanel\domains\opkp.btlc\vendor\btlc\core\Router.php | строка : 70

        
[2018-10-29 18:02:09] текст ошибки: Страница не найдена | файл: C:\OSPanel\domains\opkp.btlc\vendor\btlc\core\Router.php | строка : 70

        
[2018-10-29 18:02:10] текст ошибки: Страница не найдена | файл: C:\OSPanel\domains\opkp.btlc\vendor\btlc\core\Router.php | строка : 70

        
[2018-10-29 18:02:10] текст ошибки: Страница не найдена | файл: C:\OSPanel\domains\opkp.btlc\vendor\btlc\core\Router.php | строка : 70

        
[2018-10-29 18:02:10] текст ошибки: Страница не найдена | файл: C:\OSPanel\domains\opkp.btlc\vendor\btlc\core\Router.php | строка : 70

        
[2018-10-29 18:02:32] текст ошибки: Страница не найдена | файл: C:\OSPanel\domains\opkp.btlc\vendor\btlc\core\Router.php | строка : 70

        
[2018-10-29 18:02:32] текст ошибки: Страница не найдена | файл: C:\OSPanel\domains\opkp.btlc\vendor\btlc\core\Router.php | строка : 70

        
[2018-10-29 18:02:32] текст ошибки: Страница не найдена | файл: C:\OSPanel\domains\opkp.btlc\vendor\btlc\core\Router.php | строка : 70

        
[2018-10-29 18:02:32] текст ошибки: Страница не найдена | файл: C:\OSPanel\domains\opkp.btlc\vendor\btlc\core\Router.php | строка : 70

        
[2018-10-29 18:02:33] текст ошибки: Страница не найдена | файл: C:\OSPanel\domains\opkp.btlc\vendor\btlc\core\Router.php | строка : 70

        
[2018-10-29 18:02:33] текст ошибки: Страница не найдена | файл: C:\OSPanel\domains\opkp.btlc\vendor\btlc\core\Router.php | строка : 70

        
[2018-10-29 18:02:33] текст ошибки: Страница не найдена | файл: C:\OSPanel\domains\opkp.btlc\vendor\btlc\core\Router.php | строка : 70

        
[2018-10-29 18:02:33] текст ошибки: Страница не найдена | файл: C:\OSPanel\domains\opkp.btlc\vendor\btlc\core\Router.php | строка : 70

        
[2018-10-29 18:02:33] текст ошибки: Страница не найдена | файл: C:\OSPanel\domains\opkp.btlc\vendor\btlc\core\Router.php | строка : 70

        
[2018-10-29 18:02:33] текст ошибки: Страница не найдена | файл: C:\OSPanel\domains\opkp.btlc\vendor\btlc\core\Router.php | строка : 70

        
[2018-10-29 18:02:33] текст ошибки: Страница не найдена | файл: C:\OSPanel\domains\opkp.btlc\vendor\btlc\core\Router.php | строка : 70

        
[2018-10-29 18:02:34] текст ошибки: Страница не найдена | файл: C:\OSPanel\domains\opkp.btlc\vendor\btlc\core\Router.php | строка : 70

        
[2018-10-29 18:02:34] текст ошибки: Страница не найдена | файл: C:\OSPanel\domains\opkp.btlc\vendor\btlc\core\Router.php | строка : 70

        
[2018-10-29 18:02:34] текст ошибки: Страница не найдена | файл: C:\OSPanel\domains\opkp.btlc\vendor\btlc\core\Router.php | строка : 70

        
[2018-10-29 18:04:15] текст ошибки: Страница не найдена | файл: C:\OSPanel\domains\opkp.btlc\vendor\btlc\core\Router.php | строка : 70

        
[2018-10-29 18:04:15] текст ошибки: Страница не найдена | файл: C:\OSPanel\domains\opkp.btlc\vendor\btlc\core\Router.php | строка : 70

        
[2018-10-29 18:04:16] текст ошибки: Страница не найдена | файл: C:\OSPanel\domains\opkp.btlc\vendor\btlc\core\Router.php | строка : 70

        
[2018-10-29 18:04:16] текст ошибки: Страница не найдена | файл: C:\OSPanel\domains\opkp.btlc\vendor\btlc\core\Router.php | строка : 70

        
[2018-10-29 18:04:16] текст ошибки: Страница не найдена | файл: C:\OSPanel\domains\opkp.btlc\vendor\btlc\core\Router.php | строка : 70

        
[2018-10-29 18:04:16] текст ошибки: Страница не найдена | файл: C:\OSPanel\domains\opkp.btlc\vendor\btlc\core\Router.php | строка : 70

        
[2018-10-29 18:04:16] текст ошибки: Страница не найдена | файл: C:\OSPanel\domains\opkp.btlc\vendor\btlc\core\Router.php | строка : 70

        
[2018-10-29 18:04:16] текст ошибки: Страница не найдена | файл: C:\OSPanel\domains\opkp.btlc\vendor\btlc\core\Router.php | строка : 70

        
[2018-10-29 18:04:17] текст ошибки: Страница не найдена | файл: C:\OSPanel\domains\opkp.btlc\vendor\btlc\core\Router.php | строка : 70

        
[2018-10-29 18:04:17] текст ошибки: Страница не найдена | файл: C:\OSPanel\domains\opkp.btlc\vendor\btlc\core\Router.php | строка : 70

        
[2018-10-29 18:04:18] текст ошибки: Страница не найдена | файл: C:\OSPanel\domains\opkp.btlc\vendor\btlc\core\Router.php | строка : 70

        
[2018-10-29 18:04:18] текст ошибки: Страница не найдена | файл: C:\OSPanel\domains\opkp.btlc\vendor\btlc\core\Router.php | строка : 70

        
[2018-10-29 18:04:18] текст ошибки: Страница не найдена | файл: C:\OSPanel\domains\opkp.btlc\vendor\btlc\core\Router.php | строка : 70

        
[2018-10-29 18:06:00] текст ошибки: Страница не найдена | файл: C:\OSPanel\domains\opkp.btlc\vendor\btlc\core\Router.php | строка : 70

        
[2018-10-29 18:06:00] текст ошибки: Страница не найдена | файл: C:\OSPanel\domains\opkp.btlc\vendor\btlc\core\Router.php | строка : 70

        
[2018-10-29 18:06:01] текст ошибки: Страница не найдена | файл: C:\OSPanel\domains\opkp.btlc\vendor\btlc\core\Router.php | строка : 70

        
[2018-10-29 18:06:01] текст ошибки: Страница не найдена | файл: C:\OSPanel\domains\opkp.btlc\vendor\btlc\core\Router.php | строка : 70

        
[2018-10-29 18:06:01] текст ошибки: Страница не найдена | файл: C:\OSPanel\domains\opkp.btlc\vendor\btlc\core\Router.php | строка : 70

        
[2018-10-29 18:06:01] текст ошибки: Страница не найдена | файл: C:\OSPanel\domains\opkp.btlc\vendor\btlc\core\Router.php | строка : 70

        
[2018-10-29 18:06:01] текст ошибки: Страница не найдена | файл: C:\OSPanel\domains\opkp.btlc\vendor\btlc\core\Router.php | строка : 70

        
[2018-10-29 18:06:01] текст ошибки: Страница не найдена | файл: C:\OSPanel\domains\opkp.btlc\vendor\btlc\core\Router.php | строка : 70

        
[2018-10-29 18:06:02] текст ошибки: Страница не найдена | файл: C:\OSPanel\domains\opkp.btlc\vendor\btlc\core\Router.php | строка : 70

        
[2018-10-29 18:06:02] текст ошибки: Страница не найдена | файл: C:\OSPanel\domains\opkp.btlc\vendor\btlc\core\Router.php | строка : 70

        
[2018-10-29 18:06:02] текст ошибки: Страница не найдена | файл: C:\OSPanel\domains\opkp.btlc\vendor\btlc\core\Router.php | строка : 70

        
[2018-10-29 18:06:06] текст ошибки: Страница не найдена | файл: C:\OSPanel\domains\opkp.btlc\vendor\btlc\core\Router.php | строка : 70

        
[2018-10-29 18:06:53] текст ошибки: Страница не найдена | файл: C:\OSPanel\domains\opkp.btlc\vendor\btlc\core\Router.php | строка : 70

        
[2018-10-29 18:06:53] текст ошибки: Страница не найдена | файл: C:\OSPanel\domains\opkp.btlc\vendor\btlc\core\Router.php | строка : 70

        
[2018-10-29 18:06:53] текст ошибки: Страница не найдена | файл: C:\OSPanel\domains\opkp.btlc\vendor\btlc\core\Router.php | строка : 70

        
[2018-10-29 18:06:53] текст ошибки: Страница не найдена | файл: C:\OSPanel\domains\opkp.btlc\vendor\btlc\core\Router.php | строка : 70

        
[2018-10-29 18:06:53] текст ошибки: Страница не найдена | файл: C:\OSPanel\domains\opkp.btlc\vendor\btlc\core\Router.php | строка : 70

        
[2018-10-29 18:06:57] текст ошибки: Страница не найдена | файл: C:\OSPanel\domains\opkp.btlc\vendor\btlc\core\Router.php | строка : 70

        
[2018-10-29 18:06:57] текст ошибки: Страница не найдена | файл: C:\OSPanel\domains\opkp.btlc\vendor\btlc\core\Router.php | строка : 70

        
[2018-10-29 18:06:57] текст ошибки: Страница не найдена | файл: C:\OSPanel\domains\opkp.btlc\vendor\btlc\core\Router.php | строка : 70

        
[2018-10-29 18:06:57] текст ошибки: Страница не найдена | файл: C:\OSPanel\domains\opkp.btlc\vendor\btlc\core\Router.php | строка : 70

        
[2018-10-29 18:06:57] текст ошибки: Страница не найдена | файл: C:\OSPanel\domains\opkp.btlc\vendor\btlc\core\Router.php | строка : 70

        
[2018-10-29 18:07:01] текст ошибки: Страница не найдена | файл: C:\OSPanel\domains\opkp.btlc\vendor\btlc\core\Router.php | строка : 70

        
[2018-10-29 18:07:01] текст ошибки: Страница не найдена | файл: C:\OSPanel\domains\opkp.btlc\vendor\btlc\core\Router.php | строка : 70

        
[2018-10-29 18:07:02] текст ошибки: Страница не найдена | файл: C:\OSPanel\domains\opkp.btlc\vendor\btlc\core\Router.php | строка : 70

        
[2018-10-29 18:07:02] текст ошибки: Страница не найдена | файл: C:\OSPanel\domains\opkp.btlc\vendor\btlc\core\Router.php | строка : 70

        
[2018-10-29 18:07:02] текст ошибки: Страница не найдена | файл: C:\OSPanel\domains\opkp.btlc\vendor\btlc\core\Router.php | строка : 70

        
[2018-10-29 18:08:16] текст ошибки: Страница не найдена | файл: C:\OSPanel\domains\opkp.btlc\vendor\btlc\core\Router.php | строка : 70

        
[2018-10-29 18:08:17] текст ошибки: Страница не найдена | файл: C:\OSPanel\domains\opkp.btlc\vendor\btlc\core\Router.php | строка : 70

        
[2018-10-29 18:08:19] текст ошибки: Страница не найдена | файл: C:\OSPanel\domains\opkp.btlc\vendor\btlc\core\Router.php | строка : 70

        
[2018-10-29 18:08:19] текст ошибки: Страница не найдена | файл: C:\OSPanel\domains\opkp.btlc\vendor\btlc\core\Router.php | строка : 70

        
[2018-10-29 18:08:20] текст ошибки: Страница не найдена | файл: C:\OSPanel\domains\opkp.btlc\vendor\btlc\core\Router.php | строка : 70

        
[2018-10-29 18:08:20] текст ошибки: Страница не найдена | файл: C:\OSPanel\domains\opkp.btlc\vendor\btlc\core\Router.php | строка : 70

        
[2018-10-29 18:08:20] текст ошибки: Страница не найдена | файл: C:\OSPanel\domains\opkp.btlc\vendor\btlc\core\Router.php | строка : 70

        
[2018-10-29 18:08:20] текст ошибки: Страница не найдена | файл: C:\OSPanel\domains\opkp.btlc\vendor\btlc\core\Router.php | строка : 70

        
[2018-10-29 18:12:43] текст ошибки: Страница не найдена | файл: C:\OSPanel\domains\opkp.btlc\vendor\btlc\core\Router.php | строка : 70

        
[2018-10-29 18:12:43] текст ошибки: Страница не найдена | файл: C:\OSPanel\domains\opkp.btlc\vendor\btlc\core\Router.php | строка : 70

        
[2018-10-29 18:12:43] текст ошибки: Страница не найдена | файл: C:\OSPanel\domains\opkp.btlc\vendor\btlc\core\Router.php | строка : 70

        
[2018-10-29 18:12:43] текст ошибки: Страница не найдена | файл: C:\OSPanel\domains\opkp.btlc\vendor\btlc\core\Router.php | строка : 70

        
[2018-10-29 18:12:43] текст ошибки: Страница не найдена | файл: C:\OSPanel\domains\opkp.btlc\vendor\btlc\core\Router.php | строка : 70

        
[2018-10-29 18:12:43] текст ошибки: Страница не найдена | файл: C:\OSPanel\domains\opkp.btlc\vendor\btlc\core\Router.php | строка : 70

        
[2018-10-29 18:12:43] текст ошибки: Страница не найдена | файл: C:\OSPanel\domains\opkp.btlc\vendor\btlc\core\Router.php | строка : 70

        
[2018-10-29 18:12:43] текст ошибки: Страница не найдена | файл: C:\OSPanel\domains\opkp.btlc\vendor\btlc\core\Router.php | строка : 70

        
[2018-10-29 18:14:32] текст ошибки: Страница не найдена | файл: C:\OSPanel\domains\opkp.btlc\vendor\btlc\core\Router.php | строка : 70

        
[2018-10-29 18:14:32] текст ошибки: Страница не найдена | файл: C:\OSPanel\domains\opkp.btlc\vendor\btlc\core\Router.php | строка : 70

        
[2018-10-29 18:14:33] текст ошибки: Страница не найдена | файл: C:\OSPanel\domains\opkp.btlc\vendor\btlc\core\Router.php | строка : 70

        
[2018-10-29 18:14:33] текст ошибки: Страница не найдена | файл: C:\OSPanel\domains\opkp.btlc\vendor\btlc\core\Router.php | строка : 70

        
[2018-10-29 18:14:33] текст ошибки: Страница не найдена | файл: C:\OSPanel\domains\opkp.btlc\vendor\btlc\core\Router.php | строка : 70

        
[2018-10-29 18:14:33] текст ошибки: Страница не найдена | файл: C:\OSPanel\domains\opkp.btlc\vendor\btlc\core\Router.php | строка : 70

        
[2018-10-29 18:14:49] текст ошибки: Страница не найдена | файл: C:\OSPanel\domains\opkp.btlc\vendor\btlc\core\Router.php | строка : 70

        
[2018-10-29 18:14:49] текст ошибки: Страница не найдена | файл: C:\OSPanel\domains\opkp.btlc\vendor\btlc\core\Router.php | строка : 70

        
[2018-10-29 18:14:49] текст ошибки: Страница не найдена | файл: C:\OSPanel\domains\opkp.btlc\vendor\btlc\core\Router.php | строка : 70

        
[2018-10-29 18:14:49] текст ошибки: Страница не найдена | файл: C:\OSPanel\domains\opkp.btlc\vendor\btlc\core\Router.php | строка : 70

        
[2018-10-29 18:14:49] текст ошибки: Страница не найдена | файл: C:\OSPanel\domains\opkp.btlc\vendor\btlc\core\Router.php | строка : 70

        
[2018-10-29 18:14:49] текст ошибки: Страница не найдена | файл: C:\OSPanel\domains\opkp.btlc\vendor\btlc\core\Router.php | строка : 70

        
[2018-10-29 18:14:50] текст ошибки: Страница не найдена | файл: C:\OSPanel\domains\opkp.btlc\vendor\btlc\core\Router.php | строка : 70

        
[2018-10-29 18:14:50] текст ошибки: Страница не найдена | файл: C:\OSPanel\domains\opkp.btlc\vendor\btlc\core\Router.php | строка : 70

        
[2018-10-29 19:02:54] текст ошибки: Страница не найдена | файл: C:\OSPanel\domains\opkp.btlc\vendor\btlc\core\Router.php | строка : 70

        
[2018-10-29 19:02:54] текст ошибки: Страница не найдена | файл: C:\OSPanel\domains\opkp.btlc\vendor\btlc\core\Router.php | строка : 70

        
[2018-10-29 19:02:54] текст ошибки: Страница не найдена | файл: C:\OSPanel\domains\opkp.btlc\vendor\btlc\core\Router.php | строка : 70

        
[2018-10-29 19:02:54] текст ошибки: Страница не найдена | файл: C:\OSPanel\domains\opkp.btlc\vendor\btlc\core\Router.php | строка : 70

        
[2018-10-29 19:02:54] текст ошибки: Страница не найдена | файл: C:\OSPanel\domains\opkp.btlc\vendor\btlc\core\Router.php | строка : 70

        
[2018-10-30 12:25:18] текст ошибки: Страница не найдена | файл: C:\OSPanel\domains\opkp.btlc\vendor\btlc\core\Router.php | строка : 70

        
[2018-10-30 12:25:18] текст ошибки: Страница не найдена | файл: C:\OSPanel\domains\opkp.btlc\vendor\btlc\core\Router.php | строка : 70

        
[2018-10-30 12:25:20] текст ошибки: Страница не найдена | файл: C:\OSPanel\domains\opkp.btlc\vendor\btlc\core\Router.php | строка : 70

        
[2018-10-30 12:25:20] текст ошибки: Страница не найдена | файл: C:\OSPanel\domains\opkp.btlc\vendor\btlc\core\Router.php | строка : 70

        
[2018-10-30 12:25:20] текст ошибки: Страница не найдена | файл: C:\OSPanel\domains\opkp.btlc\vendor\btlc\core\Router.php | строка : 70

        
[2018-10-30 12:28:41] текст ошибки: Страница не найдена | файл: C:\OSPanel\domains\opkp.btlc\vendor\btlc\core\Router.php | строка : 70

        
[2018-10-30 12:28:42] текст ошибки: Страница не найдена | файл: C:\OSPanel\domains\opkp.btlc\vendor\btlc\core\Router.php | строка : 70

        
[2018-10-30 12:28:42] текст ошибки: Страница не найдена | файл: C:\OSPanel\domains\opkp.btlc\vendor\btlc\core\Router.php | строка : 70

        
[2018-10-30 12:28:42] текст ошибки: Страница не найдена | файл: C:\OSPanel\domains\opkp.btlc\vendor\btlc\core\Router.php | строка : 70

        
[2018-10-30 12:28:42] текст ошибки: Страница не найдена | файл: C:\OSPanel\domains\opkp.btlc\vendor\btlc\core\Router.php | строка : 70

        
[2018-10-30 12:28:49] текст ошибки: Страница не найдена | файл: C:\OSPanel\domains\opkp.btlc\vendor\btlc\core\Router.php | строка : 70

        
[2018-10-30 12:29:17] текст ошибки: Страница не найдена | файл: C:\OSPanel\domains\opkp.btlc\vendor\btlc\core\Router.php | строка : 70

        
[2018-10-30 12:29:18] текст ошибки: Страница не найдена | файл: C:\OSPanel\domains\opkp.btlc\vendor\btlc\core\Router.php | строка : 70

        
[2018-10-30 12:29:18] текст ошибки: Страница не найдена | файл: C:\OSPanel\domains\opkp.btlc\vendor\btlc\core\Router.php | строка : 70

        
[2018-10-30 12:29:18] текст ошибки: Страница не найдена | файл: C:\OSPanel\domains\opkp.btlc\vendor\btlc\core\Router.php | строка : 70

        
[2018-10-30 12:29:18] текст ошибки: Страница не найдена | файл: C:\OSPanel\domains\opkp.btlc\vendor\btlc\core\Router.php | строка : 70

        
[2018-10-30 12:29:19] текст ошибки: Страница не найдена | файл: C:\OSPanel\domains\opkp.btlc\vendor\btlc\core\Router.php | строка : 70

        
[2018-10-30 12:30:06] текст ошибки: Страница не найдена | файл: C:\OSPanel\domains\opkp.btlc\vendor\btlc\core\Router.php | строка : 70

        
[2018-10-30 12:30:06] текст ошибки: Страница не найдена | файл: C:\OSPanel\domains\opkp.btlc\vendor\btlc\core\Router.php | строка : 70

        
[2018-10-30 12:30:06] текст ошибки: Страница не найдена | файл: C:\OSPanel\domains\opkp.btlc\vendor\btlc\core\Router.php | строка : 70

        
[2018-10-30 12:30:06] текст ошибки: Страница не найдена | файл: C:\OSPanel\domains\opkp.btlc\vendor\btlc\core\Router.php | строка : 70

        
[2018-10-30 12:30:06] текст ошибки: Страница не найдена | файл: C:\OSPanel\domains\opkp.btlc\vendor\btlc\core\Router.php | строка : 70

        
[2018-10-30 12:30:51] текст ошибки: Страница не найдена | файл: C:\OSPanel\domains\opkp.btlc\vendor\btlc\core\Router.php | строка : 70

        
[2018-10-30 12:30:52] текст ошибки: Страница не найдена | файл: C:\OSPanel\domains\opkp.btlc\vendor\btlc\core\Router.php | строка : 70

        
[2018-10-30 12:30:52] текст ошибки: Страница не найдена | файл: C:\OSPanel\domains\opkp.btlc\vendor\btlc\core\Router.php | строка : 70

        
[2018-10-30 12:30:53] текст ошибки: Страница не найдена | файл: C:\OSPanel\domains\opkp.btlc\vendor\btlc\core\Router.php | строка : 70

        
[2018-10-30 12:30:53] текст ошибки: Страница не найдена | файл: C:\OSPanel\domains\opkp.btlc\vendor\btlc\core\Router.php | строка : 70

        
[2018-10-30 12:30:53] текст ошибки: Страница не найдена | файл: C:\OSPanel\domains\opkp.btlc\vendor\btlc\core\Router.php | строка : 70

        
[2018-10-30 12:30:53] текст ошибки: Страница не найдена | файл: C:\OSPanel\domains\opkp.btlc\vendor\btlc\core\Router.php | строка : 70

        
[2018-10-30 12:30:53] текст ошибки: Страница не найдена | файл: C:\OSPanel\domains\opkp.btlc\vendor\btlc\core\Router.php | строка : 70

        
[2018-10-30 12:30:53] текст ошибки: Страница не найдена | файл: C:\OSPanel\domains\opkp.btlc\vendor\btlc\core\Router.php | строка : 70

        
[2018-10-30 12:30:53] текст ошибки: Страница не найдена | файл: C:\OSPanel\domains\opkp.btlc\vendor\btlc\core\Router.php | строка : 70

        
[2018-10-30 12:30:55] текст ошибки: Страница не найдена | файл: C:\OSPanel\domains\opkp.btlc\vendor\btlc\core\Router.php | строка : 70

        
